-------------------------------------------------------------------------------
Test set: TestSuite
-------------------------------------------------------------------------------
Tests run: 2, Failures: 1, Errors: 0, Skipped: 0, Time elapsed: 17.177 s <<< FAILURE! - in TestSuite
loadURL(SDET.AutomationPractice.MainTest)  Time elapsed: 15.688 s  <<< FAILURE!
org.testng.TestNGException: 

Method public void SDET.AutomationPractice.MainTest.loadURL() requires a @DataProvider named : Sheet1 in class SDET.AutomationPractice.DataProvider

